<?xml version="1.0" encoding="UTF-8"?>
<testsuite xmlns:xsi="http://www.w3.org/2001/XMLSchema-instance" xsi:noNamespaceSchemaLocation="https://maven.apache.org/surefire/maven-surefire-plugin/xsd/surefire-test-report-3.0.xsd" version="3.0" name="com.example.demo.PersistenceTests" time="12.244" tests="1" errors="0" skipped="0" failures="0">
  <properties>
[...]
</properties>
  <testcase name="shouldSavePetOwnerWithPetAndCascadePersistPet" classname="com.example.demo.PersistenceTests" time="1.567">
    <system-out><![CDATA[16:20:32.846 [main] INFO org.springframework.test.context.support.AnnotationConfigContextLoaderUtils -- Could not detect default configuration classes for test class [com.example.demo.PersistenceTests]: PersistenceTests does not declare any static, non-private, non-final, nested classes annotated with @Configuration.
16:20:33.468 [main] INFO org.springframework.boot.test.context.SpringBootTestContextBootstrapper -- Found @SpringBootConfiguration com.example.demo.DemoApplication for test class com.example.demo.PersistenceTests

  .   ____          _            __ _ _
 /\\ / ___'_ __ _ _(_)_ __  __ _ \ \ \ \
( ( )\___ | '_ | '_| | '_ \/ _` | \ \ \ \
 \\/  ___)| |_)| | | | | || (_| |  ) ) ) )
  '  |____| .__|_| |_|_| |_\__, | / / / /
 =========|_|==============|___/=/_/_/_/
 :: Spring Boot ::                (v3.2.3)

2026-08-02T16:20:34.585-03:00  INFO 32079 --- [           main] com.example.demo.PersistenceTests        : Starting PersistenceTests using Java 26.0.1 with PID 32079 (started by B1ind in /home/B1ind/Documents/POO/demo)
2026-08-02T16:20:34.594-03:00  INFO 32079 --- [           main] com.example.demo.PersistenceTests        : The following 1 profile is active: "test"
2026-08-02T16:20:35.641-03:00  INFO 32079 --- [           main] .s.d.r.c.RepositoryConfigurationDelegate : Bootstrapping Spring Data JPA repositories in DEFAULT mode.
2026-08-02T16:20:35.814-03:00  INFO 32079 --- [           main] .s.d.r.c.RepositoryConfigurationDelegate : Finished Spring Data repository scanning in 154 ms. Found 6 JPA repository interfaces.
2026-08-02T16:20:35.961-03:00  INFO 32079 --- [           main] beddedDataSourceBeanFactoryPostProcessor : Replacing 'dataSource' DataSource bean with embedded version
2026-08-02T16:20:36.376-03:00  INFO 32079 --- [           main] o.s.j.d.e.EmbeddedDatabaseFactory        : Starting embedded database: url='jdbc:h2:mem:b247f337-ecae-40ee-b4aa-e9e236f81095;DB_CLOSE_DELAY=-1;DB_CLOSE_ON_EXIT=false', username='sa'
2026-08-02T16:20:37.002-03:00  INFO 32079 --- [           main] o.hibernate.jpa.internal.util.LogHelper  : HHH000204: Processing PersistenceUnitInfo [name: default]
2026-08-02T16:20:37.353-03:00  INFO 32079 --- [           main] org.hibernate.Version                    : HHH000412: Hibernate ORM core version 6.4.4.Final
2026-08-02T16:20:37.525-03:00  INFO 32079 --- [           main] o.h.c.internal.RegionFactoryInitiator    : HHH000026: Second-level cache disabled
2026-08-02T16:20:38.086-03:00  INFO 32079 --- [           main] o.s.o.j.p.SpringPersistenceUnitInfo      : No LoadTimeWeaver setup: ignoring JPA class transformer
2026-08-02T16:20:38.269-03:00  WARN 32079 --- [           main] org.hibernate.orm.deprecation            : HHH90000025: H2Dialect does not need to be specified explicitly using 'hibernate.dialect' (remove the property setting and it will be selected by default)
2026-08-02T16:20:40.862-03:00  INFO 32079 --- [           main] o.h.e.t.j.p.i.JtaPlatformInitiator       : HHH000489: No JTA platform available (set 'hibernate.transaction.jta.platform' to enable JTA platform integration)
Hibernate: drop table if exists administrative_office_employee cascade 
Hibernate: drop table if exists administrative_office cascade 
Hibernate: drop table if exists consultation_room cascade 
Hibernate: drop table if exists employee cascade 
Hibernate: drop table if exists person cascade 
Hibernate: drop table if exists pet cascade 
Hibernate: drop table if exists pet_owner cascade 
Hibernate: drop table if exists room cascade 
Hibernate: drop table if exists surgery_room cascade 
Hibernate: drop table if exists veterinarian cascade 
Hibernate: drop table if exists veterinarian_pet cascade 
Hibernate: drop table if exists veterinary_clinic cascade 
Hibernate: create table administrative_office_employee (administrative_office_id bigint not null, employee_id bigint not null, primary key (administrative_office_id, employee_id))
Hibernate: create table administrative_office (id bigint not null, office_name varchar(255), primary key (id))
Hibernate: create table consultation_room (has_exam_table boolean not null, id bigint not null, primary key (id))
Hibernate: create table employee (employment_date date, id bigint not null, function varchar(255), primary key (id))
Hibernate: create table person (birth_date date, id bigint generated by default as identity, cpf varchar(255), first_name varchar(255), last_name varchar(255), primary key (id))
Hibernate: create table pet (birth_date date, id bigint generated by default as identity, pet_owner_id bigint, breed varchar(255), name varchar(255), species varchar(255), primary key (id))
Hibernate: create table pet_owner (id bigint not null, email varchar(255), phone_number varchar(255), primary key (id))
Hibernate: create table room (id bigint generated by default as identity, veterinary_clinic_id bigint, room_number varchar(255), primary key (id))
Hibernate: create table surgery_room (number_of_tables integer not null, id bigint not null, primary key (id))
Hibernate: create table veterinarian (id bigint not null, crmv varchar(255), veterinarian_type varchar(255), primary key (id))
Hibernate: create table veterinarian_pet (pet_id bigint not null, veterinarian_id bigint not null, primary key (pet_id, veterinarian_id))
Hibernate: create table veterinary_clinic (id bigint generated by default as identity, name varchar(255), primary key (id))
Hibernate: alter table if exists administrative_office_employee add constraint FKosraechjqrkj7a2aerpdrtby0 foreign key (employee_id) references employee
Hibernate: alter table if exists administrative_office_employee add constraint FKhnhy47yjjxryqbe4shlo8wba3 foreign key (administrative_office_id) references administrative_office
Hibernate: alter table if exists administrative_office add constraint FKoypi68e5p8l57ijloj7csfc0d foreign key (id) references room
Hibernate: alter table if exists consultation_room add constraint FKkj0r7f509n4slhgghujr02x2k foreign key (id) references room
Hibernate: alter table if exists employee add constraint FKt824vonkbw2cnqvtmscpuodj9 foreign key (id) references person
Hibernate: alter table if exists pet add constraint FKf4ngdyco1fpxsjdnfqnvyg9k1 foreign key (pet_owner_id) references pet_owner
Hibernate: alter table if exists pet_owner add constraint FK4qdbi3bas5st3rlyo79kg4sha foreign key (id) references person
Hibernate: alter table if exists room add constraint FKa96ck2lk4oy5q41rc9ly9b30x foreign key (veterinary_clinic_id) references veterinary_clinic
Hibernate: alter table if exists surgery_room add constraint FKifkvqg9oqqkpa3446qvh8hw5w foreign key (id) references room
Hibernate: alter table if exists veterinarian add constraint FKh29mhm4ped8cehka79b2edsof foreign key (id) references employee
Hibernate: alter table if exists veterinarian_pet add constraint FKt0dag4iyngs0ll7alccscew7a foreign key (pet_id) references pet
Hibernate: alter table if exists veterinarian_pet add constraint FKcn0fd8r5oov8b6r0buvds43j foreign key (veterinarian_id) references veterinarian
2026-08-02T16:20:41.087-03:00  INFO 32079 --- [           main] j.LocalContainerEntityManagerFactoryBean : Initialized JPA EntityManagerFactory for persistence unit 'default'
2026-08-02T16:20:43.003-03:00  INFO 32079 --- [           main] com.example.demo.PersistenceTests        : Started PersistenceTests in 9.286 seconds (process running for 12.604)
Hibernate: insert into person (birth_date,cpf,first_name,last_name,id) values (?,?,?,?,default)
Hibernate: insert into pet_owner (email,phone_number,id) values (?,?,?)
Hibernate: insert into pet (birth_date,breed,name,pet_owner_id,species,id) values (?,?,?,?,?,default)
]]></system-out>
    <system-err><![CDATA[WARNING: A Java agent has been loaded dynamically (/home/B1ind/.m2/repository/net/bytebuddy/byte-buddy-agent/1.14.12/byte-buddy-agent-1.14.12.jar)
WARNING: If a serviceability tool is in use, please run with -XX:+EnableDynamicAgentLoading to hide this warning
WARNING: If a serviceability tool is not in use, please run with -Djdk.instrument.traceUsage for more information
WARNING: Dynamic loading of agents will be disallowed by default in a future release
]]></system-err>
  </testcase>
</testsuite>